<?xml version="1.0" encoding="UTF-8"?>
<robot generator="Robot 7.0 (Python 3.11.3 on darwin)" generated="2024-02-25T10:30:01.119885" rpa="false" schemaversion="5">
<suite id="s1" name="Ts" source="/Users/pavelmilyukov/PycharmProjects/robotframework/Tests/ts.robot">
<test id="s1-t1" name="Вход в лк" line="143">
<kw name="Open Browser" owner="SeleniumLibrary">
<msg time="2024-02-25T10:30:01.200379" level="INFO">Opening browser 'Chrome' to base url 'https://www.citilink.ru'.</msg>
<arg>${main_page}</arg>
<arg>${browser}</arg>
<doc>Opens a new browser instance to the optional ``url``.</doc>
<status status="PASS" start="2024-02-25T10:30:01.200264" elapsed="4.986972"/>
</kw>
<kw name="Maximize Browser Window" owner="SeleniumLibrary">
<doc>Maximizes current browser window.</doc>
<status status="PASS" start="2024-02-25T10:30:06.188543" elapsed="0.469810"/>
</kw>
<kw name="Click Element" owner="SeleniumLibrary">
<msg time="2024-02-25T10:30:06.660726" level="INFO">Clicking element '//div[@data-meta-name= 'UserButtonContainer' and @class= 'css-1vb2hqj e38q5fc0']'.</msg>
<arg>${catalogButton}</arg>
<doc>Click the element identified by ``locator``.</doc>
<status status="PASS" start="2024-02-25T10:30:06.658545" elapsed="0.091743"/>
</kw>
<kw name="Input Text" owner="SeleniumLibrary">
<msg time="2024-02-25T10:30:06.751048" level="INFO">Typing text '79118952395' into text field 'login'.</msg>
<arg>${login_input_field}</arg>
<arg>${login}</arg>
<doc>Types the given ``text`` into the text field identified by ``locator``.</doc>
<status status="PASS" start="2024-02-25T10:30:06.750621" elapsed="0.164380"/>
</kw>
<kw name="Input Password" owner="SeleniumLibrary">
<msg time="2024-02-25T10:30:06.915337" level="INFO">Typing password into text field 'pass'.</msg>
<msg time="2024-02-25T10:30:06.965099" level="INFO">Temporally setting log level to: NONE</msg>
<arg>${login_pass_field}</arg>
<arg>${password}</arg>
<doc>Types the given password into the text field identified by ``locator``.</doc>
<status status="PASS" start="2024-02-25T10:30:06.915162" elapsed="0.096429"/>
</kw>
<kw name="Wait Until Page Contains Element" owner="SeleniumLibrary">
<arg>${the_login_button_submit}</arg>
<doc>Waits until the element ``locator`` appears on the current page.</doc>
<status status="PASS" start="2024-02-25T10:30:07.011758" elapsed="2.773803"/>
</kw>
<kw name="Click Element" owner="SeleniumLibrary">
<msg time="2024-02-25T10:30:09.785990" level="INFO">Clicking element 'xpath=//button[@class='e4uhfkv0 css-1nvnwij e4mggex0']'.</msg>
<arg>${the_login_button_submit}</arg>
<doc>Click the element identified by ``locator``.</doc>
<status status="PASS" start="2024-02-25T10:30:09.785769" elapsed="1.117267"/>
</kw>
<kw name="Close Browser" owner="SeleniumLibrary">
<doc>Closes the current browser.</doc>
<status status="PASS" start="2024-02-25T10:30:10.903194" elapsed="0.111629"/>
</kw>
<status status="PASS" start="2024-02-25T10:30:01.199855" elapsed="9.815240"/>
</test>
<test id="s1-t2" name="Смена пользователя" line="153">
<kw name="Open Browser" owner="SeleniumLibrary">
<msg time="2024-02-25T10:30:11.017540" level="INFO">Opening browser 'Chrome' to base url 'https://www.citilink.ru'.</msg>
<arg>${main_page}</arg>
<arg>${browser}</arg>
<doc>Opens a new browser instance to the optional ``url``.</doc>
<status status="PASS" start="2024-02-25T10:30:11.017144" elapsed="19.453738"/>
</kw>
<kw name="Maximize Browser Window" owner="SeleniumLibrary">
<doc>Maximizes current browser window.</doc>
<status status="PASS" start="2024-02-25T10:30:30.471804" elapsed="0.473025"/>
</kw>
<kw name="Click Element" owner="SeleniumLibrary">
<msg time="2024-02-25T10:30:30.945370" level="INFO">Clicking element '//div[@data-meta-name= 'UserButtonContainer' and @class= 'css-1vb2hqj e38q5fc0']'.</msg>
<arg>${catalogButton}</arg>
<doc>Click the element identified by ``locator``.</doc>
<status status="PASS" start="2024-02-25T10:30:30.945003" elapsed="0.085511"/>
</kw>
<kw name="Input Text" owner="SeleniumLibrary">
<msg time="2024-02-25T10:30:31.030957" level="INFO">Typing text '79118952395' into text field 'login'.</msg>
<arg>${login_input_field}</arg>
<arg>${login}</arg>
<doc>Types the given ``text`` into the text field identified by ``locator``.</doc>
<status status="PASS" start="2024-02-25T10:30:31.030780" elapsed="0.208570"/>
</kw>
<kw name="Input Password" owner="SeleniumLibrary">
<msg time="2024-02-25T10:30:31.240374" level="INFO">Typing password into text field 'pass'.</msg>
<msg time="2024-02-25T10:30:31.277931" level="INFO">Temporally setting log level to: NONE</msg>
<arg>${login_pass_field}</arg>
<arg>${password}</arg>
<doc>Types the given password into the text field identified by ``locator``.</doc>
<status status="PASS" start="2024-02-25T10:30:31.240012" elapsed="0.082144"/>
</kw>
<kw name="Wait Until Page Contains Element" owner="SeleniumLibrary">
<arg>${the_login_button_submit}</arg>
<doc>Waits until the element ``locator`` appears on the current page.</doc>
<status status="PASS" start="2024-02-25T10:30:31.322293" elapsed="2.774510"/>
</kw>
<kw name="Click Element" owner="SeleniumLibrary">
<msg time="2024-02-25T10:30:34.097318" level="INFO">Clicking element 'xpath=//button[@class='e4uhfkv0 css-1nvnwij e4mggex0']'.</msg>
<arg>${the_login_button_submit}</arg>
<doc>Click the element identified by ``locator``.</doc>
<status status="PASS" start="2024-02-25T10:30:34.097040" elapsed="2.287791"/>
</kw>
<kw name="Click Element" owner="SeleniumLibrary">
<msg time="2024-02-25T10:30:36.385138" level="INFO">Clicking element '//div[@class= 'css-1wyvf5z eyoh4ac0']'.</msg>
<msg time="2024-02-25T10:30:36.539005" level="INFO" html="true">&lt;/td&gt;&lt;/tr&gt;&lt;tr&gt;&lt;td colspan="3"&gt;&lt;a href="selenium-screenshot-7.png"&gt;&lt;img src="selenium-screenshot-7.png" width="800px"&gt;&lt;/a&gt;</msg>
<msg time="2024-02-25T10:30:36.539202" level="FAIL">Element with locator '//div[@class= 'css-1wyvf5z eyoh4ac0']' not found.</msg>
<arg>${Profile}</arg>
<doc>Click the element identified by ``locator``.</doc>
<status status="FAIL" start="2024-02-25T10:30:36.384975" elapsed="0.158733">Element with locator '//div[@class= 'css-1wyvf5z eyoh4ac0']' not found.</status>
</kw>
<kw name="Click Element" owner="SeleniumLibrary">
<arg>${switch_profile}</arg>
<doc>Click the element identified by ``locator``.</doc>
<status status="NOT RUN" start="2024-02-25T10:30:36.543824" elapsed="0.000021"/>
</kw>
<kw name="Sleep" owner="BuiltIn">
<arg>1s</arg>
<doc>Pauses the test executed for the given time.</doc>
<status status="NOT RUN" start="2024-02-25T10:30:36.543903" elapsed="0.000010"/>
</kw>
<kw name="Click Element" owner="SeleniumLibrary">
<arg>${change_user}</arg>
<doc>Click the element identified by ``locator``.</doc>
<status status="NOT RUN" start="2024-02-25T10:30:36.543951" elapsed="0.000009"/>
</kw>
<kw name="Close Browser" owner="SeleniumLibrary">
<doc>Closes the current browser.</doc>
<status status="NOT RUN" start="2024-02-25T10:30:36.543998" elapsed="0.000008"/>
</kw>
<status status="FAIL" start="2024-02-25T10:30:11.016064" elapsed="25.528044">Element with locator '//div[@class= 'css-1wyvf5z eyoh4ac0']' not found.</status>
</test>
<test id="s1-t3" name="Добавить контрагента ИП" line="209">
<kw name="Open Browser" owner="SeleniumLibrary">
<msg time="2024-02-25T10:30:36.544548" level="INFO">Opening browser 'Chrome' to base url 'https://www.citilink.ru'.</msg>
<arg>${main_page}</arg>
<arg>${browser}</arg>
<doc>Opens a new browser instance to the optional ``url``.</doc>
<status status="PASS" start="2024-02-25T10:30:36.544439" elapsed="2.651564"/>
</kw>
<kw name="Maximize Browser Window" owner="SeleniumLibrary">
<msg time="2024-02-25T10:30:39.200096" level="WARN">Keyword 'Capture Page Screenshot' could not be run on failure: Message: no such window: target window already closed
from unknown error: web view not found
  (Session info: chrome=122.0.6261.69)
Stacktrace:
0   chromedriver                        0x00000001030b8580 chromedriver + 3966336
1   chromedriver                        0x00000001030b0b0c chromedriver + 3934988
2   chromedriver                        0x0000000102d33da0 chromedriver + 277920
3   chromedriver                        0x0000000102d0efb0 chromedriver + 126896
4   chromedriver                        0x0000000102d9b414 chromedriver + 701460
5   chromedriver                        0x0000000102dae304 chromedriver + 779012
6   chromedriver                        0x0000000102d6afb0 chromedriver + 503728
7   chromedriver                        0x0000000102d6ba28 chromedriver + 506408
8   chromedriver                        0x000000010307d768 chromedriver + 3725160
9   chromedriver                        0x0000000103081c5c chromedriver + 3742812
10  chromedriver                        0x0000000103066250 chromedriver + 3629648
11  chromedriver                        0x0000000103082758 chromedriver + 3745624
12  chromedriver                        0x00000001030595c8 chromedriver + 3577288
13  chromedriver                        0x00000001030a0fb8 chromedriver + 3870648
14  chromedriver                        0x00000001030a115c chromedriver + 3871068
15  chromedriver                        0x00000001030b077c chromedriver + 3934076
16  libsystem_pthread.dylib             0x0000000182e42034 _pthread_start + 136
17  libsystem_pthread.dylib             0x0000000182e3ce3c thread_start + 8
</msg>
<msg time="2024-02-25T10:30:39.201031" level="FAIL">NoSuchWindowException: Message: no such window: target window already closed
from unknown error: web view not found
  (Session info: chrome=122.0.6261.69)
Stacktrace:
0   chromedriver                        0x00000001030b8580 chromedriver + 3966336
1   chromedriver                        0x00000001030b0b0c chromedriver + 3934988
2   chromedriver                        0x0000000102d33da0 chromedriver + 277920
3   chromedriver                        0x0000000102d0efb0 chromedriver + 126896
4   chromedriver                        0x0000000102d9b414 chromedriver + 701460
5   chromedriver                        0x0000000102dae304 chromedriver + 779012
6   chromedriver                        0x0000000102d6afb0 chromedriver + 503728
7   chromedriver                        0x0000000102d6ba28 chromedriver + 506408
8   chromedriver                        0x000000010307d768 chromedriver + 3725160
9   chromedriver                        0x0000000103081c5c chromedriver + 3742812
10  chromedriver                        0x0000000103066250 chromedriver + 3629648
11  chromedriver                        0x0000000103082758 chromedriver + 3745624
12  chromedriver                        0x00000001030595c8 chromedriver + 3577288
13  chromedriver                        0x00000001030a0fb8 chromedriver + 3870648
14  chromedriver                        0x00000001030a115c chromedriver + 3871068
15  chromedriver                        0x00000001030b077c chromedriver + 3934076
16  libsystem_pthread.dylib             0x0000000182e42034 _pthread_start + 136
17  libsystem_pthread.dylib             0x0000000182e3ce3c thread_start + 8
</msg>
<doc>Maximizes current browser window.</doc>
<status status="FAIL" start="2024-02-25T10:30:39.197076" elapsed="0.007225">NoSuchWindowException: Message: no such window: target window already closed
from unknown error: web view not found
  (Session info: chrome=122.0.6261.69)
Stacktrace:
0   chromedriver                        0x00000001030b8580 chromedriver + 3966336
1   chromedriver                        0x00000001030b0b0c chromedriver + 3934988
2   chromedriver                        0x0000000102d33da0 chromedriver + 277920
3   chromedriver                        0x0000000102d0efb0 chromedriver + 126896
4   chromedriver                        0x0000000102d9b414 chromedriver + 701460
5   chromedriver                        0x0000000102dae304 chromedriver + 779012
6   chromedriver                        0x0000000102d6afb0 chromedriver + 503728
7   chromedriver                        0x0000000102d6ba28 chromedriver + 506408
8   chromedriver                        0x000000010307d768 chromedriver + 3725160
9   chromedriver                        0x0000000103081c5c chromedriver + 3742812
10  chromedriver                        0x0000000103066250 chromedriver + 3629648
11  chromedriver                        0x0000000103082758 chromedriver + 3745624
12  chromedriver                        0x00000001030595c8 chromedriver + 3577288
13  chromedriver                        0x00000001030a0fb8 chromedriver + 3870648
14  chromedriver                        0x00000001030a115c chromedriver + 3871068
15  chromedriver                        0x00000001030b077c chromedriver + 3934076
16  libsystem_pthread.dylib             0x0000000182e42034 _pthread_start + 136
17  libsystem_pthread.dylib             0x0000000182e3ce3c thread_start + 8
</status>
</kw>
<kw name="Click Element" owner="SeleniumLibrary">
<arg>${catalogButton}</arg>
<doc>Click the element identified by ``locator``.</doc>
<status status="NOT RUN" start="2024-02-25T10:30:39.204521" elapsed="0.000043"/>
</kw>
<kw name="Input Text" owner="SeleniumLibrary">
<arg>${login_input_field}</arg>
<arg>${login}</arg>
<doc>Types the given ``text`` into the text field identified by ``locator``.</doc>
<status status="NOT RUN" start="2024-02-25T10:30:39.204664" elapsed="0.000020"/>
</kw>
<kw name="Input Password" owner="SeleniumLibrary">
<arg>${login_pass_field}</arg>
<arg>${password}</arg>
<doc>Types the given password into the text field identified by ``locator``.</doc>
<status status="NOT RUN" start="2024-02-25T10:30:39.204786" elapsed="0.000015"/>
</kw>
<kw name="Wait Until Page Contains Element" owner="SeleniumLibrary">
<arg>${the_login_button_submit}</arg>
<doc>Waits until the element ``locator`` appears on the current page.</doc>
<status status="NOT RUN" start="2024-02-25T10:30:39.204935" elapsed="0.000017"/>
</kw>
<kw name="Click Element" owner="SeleniumLibrary">
<arg>${the_login_button_submit}</arg>
<doc>Click the element identified by ``locator``.</doc>
<status status="NOT RUN" start="2024-02-25T10:30:39.205178" elapsed="0.000035"/>
</kw>
<kw name="Click Element" owner="SeleniumLibrary">
<arg>${Profile}</arg>
<doc>Click the element identified by ``locator``.</doc>
<status status="NOT RUN" start="2024-02-25T10:30:39.205308" elapsed="0.000018"/>
</kw>
<kw name="Click Element" owner="SeleniumLibrary">
<arg>${legal_company}</arg>
<doc>Click the element identified by ``locator``.</doc>
<status status="NOT RUN" start="2024-02-25T10:30:39.205397" elapsed="0.000015"/>
</kw>
<kw name="Sleep" owner="BuiltIn">
<arg>1s</arg>
<doc>Pauses the test executed for the given time.</doc>
<status status="NOT RUN" start="2024-02-25T10:30:39.205485" elapsed="0.000017"/>
</kw>
<kw name="Click Element" owner="SeleniumLibrary">
<arg>${add_counterparty}</arg>
<doc>Click the element identified by ``locator``.</doc>
<status status="NOT RUN" start="2024-02-25T10:30:39.205571" elapsed="0.000016"/>
</kw>
<kw name="Sleep" owner="BuiltIn">
<arg>1s</arg>
<doc>Pauses the test executed for the given time.</doc>
<status status="NOT RUN" start="2024-02-25T10:30:39.205643" elapsed="0.000014"/>
</kw>
<kw name="Click Element" owner="SeleniumLibrary">
<arg>${legal_company_form}</arg>
<doc>Click the element identified by ``locator``.</doc>
<status status="NOT RUN" start="2024-02-25T10:30:39.205714" elapsed="0.000014"/>
</kw>
<kw name="Sleep" owner="BuiltIn">
<arg>1s</arg>
<doc>Pauses the test executed for the given time.</doc>
<status status="NOT RUN" start="2024-02-25T10:30:39.206243" elapsed="0.000029"/>
</kw>
<kw name="Click Element" owner="SeleniumLibrary">
<arg>${company_form_ip}</arg>
<doc>Click the element identified by ``locator``.</doc>
<status status="NOT RUN" start="2024-02-25T10:30:39.206355" elapsed="0.000018"/>
</kw>
<kw name="Sleep" owner="BuiltIn">
<arg>2s</arg>
<doc>Pauses the test executed for the given time.</doc>
<status status="NOT RUN" start="2024-02-25T10:30:39.206445" elapsed="0.000016"/>
</kw>
<kw name="Get Random Inn Fl" owner="inn_generator">
<var>${random_inn}</var>
<doc>Get random Individual Entrepreneur INN</doc>
<status status="NOT RUN" start="2024-02-25T10:30:39.206583" elapsed="0.000018"/>
</kw>
<kw name="Input Text" owner="SeleniumLibrary">
<arg>${legal_field_inn}</arg>
<arg>${random_inn}</arg>
<doc>Types the given ``text`` into the text field identified by ``locator``.</doc>
<status status="NOT RUN" start="2024-02-25T10:30:39.206664" elapsed="0.000014"/>
</kw>
<kw name="Sleep" owner="BuiltIn">
<arg>2s</arg>
<doc>Pauses the test executed for the given time.</doc>
<status status="NOT RUN" start="2024-02-25T10:30:39.206737" elapsed="0.000014"/>
</kw>
<kw name="Click Element" owner="SeleniumLibrary">
<arg>${form_continue}</arg>
<doc>Click the element identified by ``locator``.</doc>
<status status="NOT RUN" start="2024-02-25T10:30:39.206828" elapsed="0.000019"/>
</kw>
<kw name="Sleep" owner="BuiltIn">
<arg>5s</arg>
<doc>Pauses the test executed for the given time.</doc>
<status status="NOT RUN" start="2024-02-25T10:30:39.206908" elapsed="0.000015"/>
</kw>
<kw name="Input Text" owner="SeleniumLibrary">
<arg>${legal_name_company}</arg>
<arg>${legal_name_company_text}</arg>
<doc>Types the given ``text`` into the text field identified by ``locator``.</doc>
<status status="NOT RUN" start="2024-02-25T10:30:39.206985" elapsed="0.000014"/>
</kw>
<kw name="Input Text" owner="SeleniumLibrary">
<arg>${legal_OGRN}</arg>
<arg>${legal_OGRN_text}</arg>
<doc>Types the given ``text`` into the text field identified by ``locator``.</doc>
<status status="NOT RUN" start="2024-02-25T10:30:39.207058" elapsed="0.000013"/>
</kw>
<kw name="Input Text" owner="SeleniumLibrary">
<arg>${legal_index}</arg>
<arg>${legal_index_text}</arg>
<doc>Types the given ``text`` into the text field identified by ``locator``.</doc>
<status status="NOT RUN" start="2024-02-25T10:30:39.207128" elapsed="0.000014"/>
</kw>
<kw name="Input Text" owner="SeleniumLibrary">
<arg>${legal_city}</arg>
<arg>${legal_city_text}</arg>
<doc>Types the given ``text`` into the text field identified by ``locator``.</doc>
<status status="NOT RUN" start="2024-02-25T10:30:39.207202" elapsed="0.000013"/>
</kw>
<kw name="Input Text" owner="SeleniumLibrary">
<arg>${legal_street}</arg>
<arg>${legal_street_text}</arg>
<doc>Types the given ``text`` into the text field identified by ``locator``.</doc>
<status status="NOT RUN" start="2024-02-25T10:30:39.207274" elapsed="0.000013"/>
</kw>
<kw name="Input Text" owner="SeleniumLibrary">
<arg>${legal_house}</arg>
<arg>${legal_house_text}</arg>
<doc>Types the given ``text`` into the text field identified by ``locator``.</doc>
<status status="NOT RUN" start="2024-02-25T10:30:39.207344" elapsed="0.000012"/>
</kw>
<kw name="Input Text" owner="SeleniumLibrary">
<arg>${legal_housing}</arg>
<arg>${legal_housing_text}</arg>
<doc>Types the given ``text`` into the text field identified by ``locator``.</doc>
<status status="NOT RUN" start="2024-02-25T10:30:39.207414" elapsed="0.000012"/>
</kw>
<kw name="Input Text" owner="SeleniumLibrary">
<arg>${legal_apartment}</arg>
<arg>${legal_apartment_text}</arg>
<doc>Types the given ``text`` into the text field identified by ``locator``.</doc>
<status status="NOT RUN" start="2024-02-25T10:30:39.207482" elapsed="0.000012"/>
</kw>
<kw name="Input Text" owner="SeleniumLibrary">
<arg>${legal_additional}</arg>
<arg>${legal_additional_text}</arg>
<doc>Types the given ``text`` into the text field identified by ``locator``.</doc>
<status status="NOT RUN" start="2024-02-25T10:30:39.207551" elapsed="0.000013"/>
</kw>
<kw name="Input Text" owner="SeleniumLibrary">
<arg>${legal_bik}</arg>
<arg>${legal_bik_text}</arg>
<doc>Types the given ``text`` into the text field identified by ``locator``.</doc>
<status status="NOT RUN" start="2024-02-25T10:30:39.207621" elapsed="0.000013"/>
</kw>
<kw name="Sleep" owner="BuiltIn">
<arg>3s</arg>
<doc>Pauses the test executed for the given time.</doc>
<status status="NOT RUN" start="2024-02-25T10:30:39.207690" elapsed="0.000014"/>
</kw>
<kw name="Input Text" owner="SeleniumLibrary">
<arg>${legal_bankName}</arg>
<arg>${legal_bankName_text}</arg>
<doc>Types the given ``text`` into the text field identified by ``locator``.</doc>
<status status="NOT RUN" start="2024-02-25T10:30:39.207762" elapsed="0.000013"/>
</kw>
<kw name="Sleep" owner="BuiltIn">
<arg>3s</arg>
<doc>Pauses the test executed for the given time.</doc>
<status status="NOT RUN" start="2024-02-25T10:30:39.207831" elapsed="0.000013"/>
</kw>
<kw name="Input Text" owner="SeleniumLibrary">
<arg>${legal_bankCity}</arg>
<arg>${legal_bankCity_text}</arg>
<doc>Types the given ``text`` into the text field identified by ``locator``.</doc>
<status status="NOT RUN" start="2024-02-25T10:30:39.207901" elapsed="0.000013"/>
</kw>
<kw name="Sleep" owner="BuiltIn">
<arg>3s</arg>
<doc>Pauses the test executed for the given time.</doc>
<status status="NOT RUN" start="2024-02-25T10:30:39.207969" elapsed="0.000013"/>
</kw>
<kw name="Input Text" owner="SeleniumLibrary">
<arg>${legal_bankAccount}</arg>
<arg>${legal_bankAccount_text}</arg>
<doc>Types the given ``text`` into the text field identified by ``locator``.</doc>
<status status="NOT RUN" start="2024-02-25T10:30:39.208038" elapsed="0.000013"/>
</kw>
<kw name="Input Text" owner="SeleniumLibrary">
<arg>${leagal_cor}</arg>
<arg>${leagal_cor_text}</arg>
<doc>Types the given ``text`` into the text field identified by ``locator``.</doc>
<status status="NOT RUN" start="2024-02-25T10:30:39.208108" elapsed="0.000013"/>
</kw>
<kw name="Sleep" owner="BuiltIn">
<arg>3s</arg>
<doc>Pauses the test executed for the given time.</doc>
<status status="NOT RUN" start="2024-02-25T10:30:39.208176" elapsed="0.000013"/>
</kw>
<kw name="Input Text" owner="SeleniumLibrary">
<arg>${legal_contactPerson}</arg>
<arg>${legal_contactPerson_text}</arg>
<doc>Types the given ``text`` into the text field identified by ``locator``.</doc>
<status status="NOT RUN" start="2024-02-25T10:30:39.208243" elapsed="0.000014"/>
</kw>
<kw name="Input Text" owner="SeleniumLibrary">
<arg>${legal_placeholder}</arg>
<arg>${legal_placeholder_text}</arg>
<doc>Types the given ``text`` into the text field identified by ``locator``.</doc>
<status status="NOT RUN" start="2024-02-25T10:30:39.208314" elapsed="0.000012"/>
</kw>
<kw name="Input Text" owner="SeleniumLibrary">
<arg>${legal_corpEmail}</arg>
<arg>${legal_corpEmail_text}</arg>
<doc>Types the given ``text`` into the text field identified by ``locator``.</doc>
<status status="NOT RUN" start="2024-02-25T10:30:39.208382" elapsed="0.000013"/>
</kw>
<kw name="Input Text" owner="SeleniumLibrary">
<arg>${legal_userPosition}</arg>
<arg>${legal_userPosition_text}</arg>
<doc>Types the given ``text`` into the text field identified by ``locator``.</doc>
<status status="NOT RUN" start="2024-02-25T10:30:39.208450" elapsed="0.000012"/>
</kw>
<kw name="Input Text" owner="SeleniumLibrary">
<arg>${legal_directorFullName}</arg>
<arg>${legal_directorFullName_text}</arg>
<doc>Types the given ``text`` into the text field identified by ``locator``.</doc>
<status status="NOT RUN" start="2024-02-25T10:30:39.208518" elapsed="0.000016"/>
</kw>
<kw name="Input Text" owner="SeleniumLibrary">
<arg>${legal_directorEmail}</arg>
<arg>${legal_directorEmail_text}</arg>
<doc>Types the given ``text`` into the text field identified by ``locator``.</doc>
<status status="NOT RUN" start="2024-02-25T10:30:39.208591" elapsed="0.000015"/>
</kw>
<kw name="Input Text" owner="SeleniumLibrary">
<arg>${legal_chiefAccountant}</arg>
<arg>${legal_chiefAccountant_text}</arg>
<doc>Types the given ``text`` into the text field identified by ``locator``.</doc>
<status status="NOT RUN" start="2024-02-25T10:30:39.208662" elapsed="0.000012"/>
</kw>
<kw name="Input Text" owner="SeleniumLibrary">
<arg>${legal_AccountantEmail}</arg>
<arg>${legal_AccountantEmail_text}</arg>
<doc>Types the given ``text`` into the text field identified by ``locator``.</doc>
<status status="NOT RUN" start="2024-02-25T10:30:39.208728" elapsed="0.000013"/>
</kw>
<kw name="Sleep" owner="BuiltIn">
<arg>2s</arg>
<doc>Pauses the test executed for the given time.</doc>
<status status="NOT RUN" start="2024-02-25T10:30:39.208797" elapsed="0.000013"/>
</kw>
<kw name="Click Element" owner="SeleniumLibrary">
<arg>${add_counterparty_continue}</arg>
<doc>Click the element identified by ``locator``.</doc>
<status status="NOT RUN" start="2024-02-25T10:30:39.208921" elapsed="0.000014"/>
</kw>
<kw name="Sleep" owner="BuiltIn">
<arg>4s</arg>
<doc>Pauses the test executed for the given time.</doc>
<status status="NOT RUN" start="2024-02-25T10:30:39.208994" elapsed="0.000014"/>
</kw>
<kw name="Click Element" owner="SeleniumLibrary">
<arg>${сontinue_without_details}</arg>
<doc>Click the element identified by ``locator``.</doc>
<status status="NOT RUN" start="2024-02-25T10:30:39.209065" elapsed="0.000014"/>
</kw>
<status status="FAIL" start="2024-02-25T10:30:36.544253" elapsed="2.665036">NoSuchWindowException: Message: no such window: target window already closed
from unknown error: web view not found
  (Session info: chrome=122.0.6261.69)
Stacktrace:
0   chromedriver                        0x00000001030b8580 chromedriver + 3966336
1   chromedriver                        0x00000001030b0b0c chromedriver + 3934988
2   chromedriver                        0x0000000102d33da0 chromedriver + 277920
3   chromedriver                        0x0000000102d0efb0 chromedriver + 126896
4   chromedriver                        0x0000000102d9b414 chromedriver + 701460
5   chromedriver                        0x0000000102dae304 chromedriver + 779012
6   chromedriver                        0x0000000102d6afb0 chromedriver + 503728
7   chromedriver                        0x0000000102d6ba28 chromedriver + 506408
8   chromedriver                        0x000000010307d768 chromedriver + 3725160
9   chromedriver                        0x0000000103081c5c chromedriver + 3742812
10  chromedriver                        0x0000000103066250 chromedriver + 3629648
11  chromedriver                        0x0000000103082758 chromedriver + 3745624
12  chromedriver                        0x00000001030595c8 chromedriver + 3577288
13  chromedriver                        0x00000001030a0fb8 chromedriver + 3870648
14  chromedriver                        0x00000001030a115c chromedriver + 3871068
15  chromedriver                        0x00000001030b077c chromedriver + 3934076
16  libsystem_pthread.dylib             0x0000000182e42034 _pthread_start + 136
17  libsystem_pthread.dylib             0x0000000182e3ce3c thread_start + 8
</status>
</test>
<status status="FAIL" start="2024-02-25T10:30:01.120402" elapsed="38.089444"/>
</suite>
<statistics>
<total>
<stat pass="1" fail="2" skip="0">All Tests</stat>
</total>
<tag>
</tag>
<suite>
<stat pass="1" fail="2" skip="0" id="s1" name="Ts">Ts</stat>
</suite>
</statistics>
<errors>
<msg time="2024-02-25T10:30:39.200096" level="WARN">Keyword 'Capture Page Screenshot' could not be run on failure: Message: no such window: target window already closed
from unknown error: web view not found
  (Session info: chrome=122.0.6261.69)
Stacktrace:
0   chromedriver                        0x00000001030b8580 chromedriver + 3966336
1   chromedriver                        0x00000001030b0b0c chromedriver + 3934988
2   chromedriver                        0x0000000102d33da0 chromedriver + 277920
3   chromedriver                        0x0000000102d0efb0 chromedriver + 126896
4   chromedriver                        0x0000000102d9b414 chromedriver + 701460
5   chromedriver                        0x0000000102dae304 chromedriver + 779012
6   chromedriver                        0x0000000102d6afb0 chromedriver + 503728
7   chromedriver                        0x0000000102d6ba28 chromedriver + 506408
8   chromedriver                        0x000000010307d768 chromedriver + 3725160
9   chromedriver                        0x0000000103081c5c chromedriver + 3742812
10  chromedriver                        0x0000000103066250 chromedriver + 3629648
11  chromedriver                        0x0000000103082758 chromedriver + 3745624
12  chromedriver                        0x00000001030595c8 chromedriver + 3577288
13  chromedriver                        0x00000001030a0fb8 chromedriver + 3870648
14  chromedriver                        0x00000001030a115c chromedriver + 3871068
15  chromedriver                        0x00000001030b077c chromedriver + 3934076
16  libsystem_pthread.dylib             0x0000000182e42034 _pthread_start + 136
17  libsystem_pthread.dylib             0x0000000182e3ce3c thread_start + 8
</msg>
</errors>
</robot>
